{"timestamp":"2025-11-12T23:32:18.729161Z","level":"info","event":"Filling up the DagBag from /opt/airflow/dags/movie_poster_pipeline_dag.py","logger":"airflow.models.dagbag.DagBag","filename":"dagbag.py","lineno":593}
{"timestamp":"2025-11-12T23:32:27.244718Z","level":"info","event":"generated new fontManager","logger":"matplotlib.font_manager","filename":"font_manager.py","lineno":1639}
{"timestamp":"2025-11-12T23:32:37.610409Z","level":"warning","event":"The `airflow.decorators.dag` attribute is deprecated. Please use `'airflow.sdk.dag'`.","category":"DeprecatedImportWarning","filename":"/opt/airflow/dags/movie_poster_pipeline_dag.py","lineno":1,"logger":"py.warnings"}
{"timestamp":"2025-11-12T23:32:37.610866Z","level":"warning","event":"The `airflow.decorators.task` attribute is deprecated. Please use `'airflow.sdk.task'`.","category":"DeprecatedImportWarning","filename":"/opt/airflow/dags/movie_poster_pipeline_dag.py","lineno":1,"logger":"py.warnings"}
{"timestamp":"2025-11-12T23:33:09.106329Z","level":"info","event":"Filling up the DagBag from /opt/airflow/dags/movie_poster_pipeline_dag.py","logger":"airflow.models.dagbag.DagBag","filename":"dagbag.py","lineno":593}
{"timestamp":"2025-11-12T23:33:20.630244Z","level":"warning","event":"The `airflow.decorators.dag` attribute is deprecated. Please use `'airflow.sdk.dag'`.","category":"DeprecatedImportWarning","filename":"/opt/airflow/dags/movie_poster_pipeline_dag.py","lineno":1,"logger":"py.warnings"}
{"timestamp":"2025-11-12T23:33:20.630629Z","level":"warning","event":"The `airflow.decorators.task` attribute is deprecated. Please use `'airflow.sdk.task'`.","category":"DeprecatedImportWarning","filename":"/opt/airflow/dags/movie_poster_pipeline_dag.py","lineno":1,"logger":"py.warnings"}
{"timestamp":"2025-11-12T23:33:51.650421Z","level":"info","event":"Filling up the DagBag from /opt/airflow/dags/movie_poster_pipeline_dag.py","logger":"airflow.models.dagbag.DagBag","filename":"dagbag.py","lineno":593}
{"timestamp":"2025-11-12T23:34:01.523217Z","level":"warning","event":"The `airflow.decorators.dag` attribute is deprecated. Please use `'airflow.sdk.dag'`.","category":"DeprecatedImportWarning","filename":"/opt/airflow/dags/movie_poster_pipeline_dag.py","lineno":1,"logger":"py.warnings"}
{"timestamp":"2025-11-12T23:34:01.523472Z","level":"warning","event":"The `airflow.decorators.task` attribute is deprecated. Please use `'airflow.sdk.task'`.","category":"DeprecatedImportWarning","filename":"/opt/airflow/dags/movie_poster_pipeline_dag.py","lineno":1,"logger":"py.warnings"}
{"timestamp":"2025-11-12T23:34:32.443453Z","level":"info","event":"Filling up the DagBag from /opt/airflow/dags/movie_poster_pipeline_dag.py","logger":"airflow.models.dagbag.DagBag","filename":"dagbag.py","lineno":593}
{"timestamp":"2025-11-12T23:34:43.339829Z","level":"warning","event":"The `airflow.decorators.dag` attribute is deprecated. Please use `'airflow.sdk.dag'`.","category":"DeprecatedImportWarning","filename":"/opt/airflow/dags/movie_poster_pipeline_dag.py","lineno":1,"logger":"py.warnings"}
{"timestamp":"2025-11-12T23:34:43.340253Z","level":"warning","event":"The `airflow.decorators.task` attribute is deprecated. Please use `'airflow.sdk.task'`.","category":"DeprecatedImportWarning","filename":"/opt/airflow/dags/movie_poster_pipeline_dag.py","lineno":1,"logger":"py.warnings"}
{"timestamp":"2025-11-12T23:35:08.930720Z","level":"info","event":"Filling up the DagBag from /opt/airflow/dags/movie_poster_pipeline_dag.py","logger":"airflow.models.dagbag.DagBag","filename":"dagbag.py","lineno":593}
{"timestamp":"2025-11-12T23:35:19.375636Z","level":"warning","event":"The `airflow.decorators.dag` attribute is deprecated. Please use `'airflow.sdk.dag'`.","category":"DeprecatedImportWarning","filename":"/opt/airflow/dags/movie_poster_pipeline_dag.py","lineno":1,"logger":"py.warnings"}
{"timestamp":"2025-11-12T23:35:19.376151Z","level":"warning","event":"The `airflow.decorators.task` attribute is deprecated. Please use `'airflow.sdk.task'`.","category":"DeprecatedImportWarning","filename":"/opt/airflow/dags/movie_poster_pipeline_dag.py","lineno":1,"logger":"py.warnings"}
{"timestamp":"2025-11-12T23:35:50.434064Z","level":"info","event":"Filling up the DagBag from /opt/airflow/dags/movie_poster_pipeline_dag.py","logger":"airflow.models.dagbag.DagBag","filename":"dagbag.py","lineno":593}
{"timestamp":"2025-11-12T23:36:01.510782Z","level":"warning","event":"The `airflow.decorators.dag` attribute is deprecated. Please use `'airflow.sdk.dag'`.","category":"DeprecatedImportWarning","filename":"/opt/airflow/dags/movie_poster_pipeline_dag.py","lineno":1,"logger":"py.warnings"}
{"timestamp":"2025-11-12T23:36:01.510993Z","level":"warning","event":"The `airflow.decorators.task` attribute is deprecated. Please use `'airflow.sdk.task'`.","category":"DeprecatedImportWarning","filename":"/opt/airflow/dags/movie_poster_pipeline_dag.py","lineno":1,"logger":"py.warnings"}
{"timestamp":"2025-11-12T23:36:32.049411Z","level":"info","event":"Filling up the DagBag from /opt/airflow/dags/movie_poster_pipeline_dag.py","logger":"airflow.models.dagbag.DagBag","filename":"dagbag.py","lineno":593}
{"timestamp":"2025-11-12T23:36:43.857841Z","level":"warning","event":"The `airflow.decorators.dag` attribute is deprecated. Please use `'airflow.sdk.dag'`.","category":"DeprecatedImportWarning","filename":"/opt/airflow/dags/movie_poster_pipeline_dag.py","lineno":1,"logger":"py.warnings"}
{"timestamp":"2025-11-12T23:36:43.858090Z","level":"warning","event":"The `airflow.decorators.task` attribute is deprecated. Please use `'airflow.sdk.task'`.","category":"DeprecatedImportWarning","filename":"/opt/airflow/dags/movie_poster_pipeline_dag.py","lineno":1,"logger":"py.warnings"}
{"timestamp":"2025-11-12T23:37:14.263298Z","level":"info","event":"Filling up the DagBag from /opt/airflow/dags/movie_poster_pipeline_dag.py","logger":"airflow.models.dagbag.DagBag","filename":"dagbag.py","lineno":593}
{"timestamp":"2025-11-12T23:37:23.646095Z","level":"warning","event":"The `airflow.decorators.dag` attribute is deprecated. Please use `'airflow.sdk.dag'`.","category":"DeprecatedImportWarning","filename":"/opt/airflow/dags/movie_poster_pipeline_dag.py","lineno":1,"logger":"py.warnings"}
{"timestamp":"2025-11-12T23:37:23.646313Z","level":"warning","event":"The `airflow.decorators.task` attribute is deprecated. Please use `'airflow.sdk.task'`.","category":"DeprecatedImportWarning","filename":"/opt/airflow/dags/movie_poster_pipeline_dag.py","lineno":1,"logger":"py.warnings"}
{"timestamp":"2025-11-12T23:37:54.661390Z","level":"info","event":"Filling up the DagBag from /opt/airflow/dags/movie_poster_pipeline_dag.py","logger":"airflow.models.dagbag.DagBag","filename":"dagbag.py","lineno":593}
{"timestamp":"2025-11-12T23:38:04.916527Z","level":"warning","event":"The `airflow.decorators.dag` attribute is deprecated. Please use `'airflow.sdk.dag'`.","category":"DeprecatedImportWarning","filename":"/opt/airflow/dags/movie_poster_pipeline_dag.py","lineno":1,"logger":"py.warnings"}
{"timestamp":"2025-11-12T23:38:04.916810Z","level":"warning","event":"The `airflow.decorators.task` attribute is deprecated. Please use `'airflow.sdk.task'`.","category":"DeprecatedImportWarning","filename":"/opt/airflow/dags/movie_poster_pipeline_dag.py","lineno":1,"logger":"py.warnings"}
{"timestamp":"2025-11-12T23:38:35.514567Z","level":"info","event":"Filling up the DagBag from /opt/airflow/dags/movie_poster_pipeline_dag.py","logger":"airflow.models.dagbag.DagBag","filename":"dagbag.py","lineno":593}
{"timestamp":"2025-11-12T23:38:44.981505Z","level":"warning","event":"The `airflow.decorators.dag` attribute is deprecated. Please use `'airflow.sdk.dag'`.","category":"DeprecatedImportWarning","filename":"/opt/airflow/dags/movie_poster_pipeline_dag.py","lineno":1,"logger":"py.warnings"}
{"timestamp":"2025-11-12T23:38:44.981802Z","level":"warning","event":"The `airflow.decorators.task` attribute is deprecated. Please use `'airflow.sdk.task'`.","category":"DeprecatedImportWarning","filename":"/opt/airflow/dags/movie_poster_pipeline_dag.py","lineno":1,"logger":"py.warnings"}
{"timestamp":"2025-11-12T23:39:15.695526Z","level":"info","event":"Filling up the DagBag from /opt/airflow/dags/movie_poster_pipeline_dag.py","logger":"airflow.models.dagbag.DagBag","filename":"dagbag.py","lineno":593}
{"timestamp":"2025-11-12T23:39:25.078295Z","level":"warning","event":"The `airflow.decorators.dag` attribute is deprecated. Please use `'airflow.sdk.dag'`.","category":"DeprecatedImportWarning","filename":"/opt/airflow/dags/movie_poster_pipeline_dag.py","lineno":1,"logger":"py.warnings"}
{"timestamp":"2025-11-12T23:39:25.078586Z","level":"warning","event":"The `airflow.decorators.task` attribute is deprecated. Please use `'airflow.sdk.task'`.","category":"DeprecatedImportWarning","filename":"/opt/airflow/dags/movie_poster_pipeline_dag.py","lineno":1,"logger":"py.warnings"}
{"timestamp":"2025-11-12T23:39:55.965364Z","level":"info","event":"Filling up the DagBag from /opt/airflow/dags/movie_poster_pipeline_dag.py","logger":"airflow.models.dagbag.DagBag","filename":"dagbag.py","lineno":593}
{"timestamp":"2025-11-12T23:40:04.930604Z","level":"warning","event":"The `airflow.decorators.dag` attribute is deprecated. Please use `'airflow.sdk.dag'`.","category":"DeprecatedImportWarning","filename":"/opt/airflow/dags/movie_poster_pipeline_dag.py","lineno":1,"logger":"py.warnings"}
{"timestamp":"2025-11-12T23:40:04.930904Z","level":"warning","event":"The `airflow.decorators.task` attribute is deprecated. Please use `'airflow.sdk.task'`.","category":"DeprecatedImportWarning","filename":"/opt/airflow/dags/movie_poster_pipeline_dag.py","lineno":1,"logger":"py.warnings"}
{"timestamp":"2025-11-12T23:40:35.614013Z","level":"info","event":"Filling up the DagBag from /opt/airflow/dags/movie_poster_pipeline_dag.py","logger":"airflow.models.dagbag.DagBag","filename":"dagbag.py","lineno":593}
{"timestamp":"2025-11-12T23:40:46.024822Z","level":"warning","event":"The `airflow.decorators.dag` attribute is deprecated. Please use `'airflow.sdk.dag'`.","category":"DeprecatedImportWarning","filename":"/opt/airflow/dags/movie_poster_pipeline_dag.py","lineno":1,"logger":"py.warnings"}
{"timestamp":"2025-11-12T23:40:46.025456Z","level":"warning","event":"The `airflow.decorators.task` attribute is deprecated. Please use `'airflow.sdk.task'`.","category":"DeprecatedImportWarning","filename":"/opt/airflow/dags/movie_poster_pipeline_dag.py","lineno":1,"logger":"py.warnings"}
{"timestamp":"2025-11-12T23:41:16.450370Z","level":"info","event":"Filling up the DagBag from /opt/airflow/dags/movie_poster_pipeline_dag.py","logger":"airflow.models.dagbag.DagBag","filename":"dagbag.py","lineno":593}
{"timestamp":"2025-11-12T23:41:27.286616Z","level":"warning","event":"The `airflow.decorators.dag` attribute is deprecated. Please use `'airflow.sdk.dag'`.","category":"DeprecatedImportWarning","filename":"/opt/airflow/dags/movie_poster_pipeline_dag.py","lineno":1,"logger":"py.warnings"}
{"timestamp":"2025-11-12T23:41:27.286848Z","level":"warning","event":"The `airflow.decorators.task` attribute is deprecated. Please use `'airflow.sdk.task'`.","category":"DeprecatedImportWarning","filename":"/opt/airflow/dags/movie_poster_pipeline_dag.py","lineno":1,"logger":"py.warnings"}
{"timestamp":"2025-11-12T23:41:57.636358Z","level":"info","event":"Filling up the DagBag from /opt/airflow/dags/movie_poster_pipeline_dag.py","logger":"airflow.models.dagbag.DagBag","filename":"dagbag.py","lineno":593}
{"timestamp":"2025-11-12T23:42:07.265216Z","level":"warning","event":"The `airflow.decorators.dag` attribute is deprecated. Please use `'airflow.sdk.dag'`.","category":"DeprecatedImportWarning","filename":"/opt/airflow/dags/movie_poster_pipeline_dag.py","lineno":1,"logger":"py.warnings"}
{"timestamp":"2025-11-12T23:42:07.265505Z","level":"warning","event":"The `airflow.decorators.task` attribute is deprecated. Please use `'airflow.sdk.task'`.","category":"DeprecatedImportWarning","filename":"/opt/airflow/dags/movie_poster_pipeline_dag.py","lineno":1,"logger":"py.warnings"}
{"timestamp":"2025-11-12T23:42:37.820399Z","level":"info","event":"Filling up the DagBag from /opt/airflow/dags/movie_poster_pipeline_dag.py","logger":"airflow.models.dagbag.DagBag","filename":"dagbag.py","lineno":593}
{"timestamp":"2025-11-12T23:42:48.192656Z","level":"warning","event":"The `airflow.decorators.dag` attribute is deprecated. Please use `'airflow.sdk.dag'`.","category":"DeprecatedImportWarning","filename":"/opt/airflow/dags/movie_poster_pipeline_dag.py","lineno":1,"logger":"py.warnings"}
{"timestamp":"2025-11-12T23:42:48.192886Z","level":"warning","event":"The `airflow.decorators.task` attribute is deprecated. Please use `'airflow.sdk.task'`.","category":"DeprecatedImportWarning","filename":"/opt/airflow/dags/movie_poster_pipeline_dag.py","lineno":1,"logger":"py.warnings"}
{"timestamp":"2025-11-12T23:43:19.076010Z","level":"info","event":"Filling up the DagBag from /opt/airflow/dags/movie_poster_pipeline_dag.py","logger":"airflow.models.dagbag.DagBag","filename":"dagbag.py","lineno":593}
{"timestamp":"2025-11-12T23:43:29.625558Z","level":"warning","event":"The `airflow.decorators.dag` attribute is deprecated. Please use `'airflow.sdk.dag'`.","category":"DeprecatedImportWarning","filename":"/opt/airflow/dags/movie_poster_pipeline_dag.py","lineno":1,"logger":"py.warnings"}
{"timestamp":"2025-11-12T23:43:29.625865Z","level":"warning","event":"The `airflow.decorators.task` attribute is deprecated. Please use `'airflow.sdk.task'`.","category":"DeprecatedImportWarning","filename":"/opt/airflow/dags/movie_poster_pipeline_dag.py","lineno":1,"logger":"py.warnings"}
{"timestamp":"2025-11-12T23:44:00.168487Z","level":"info","event":"Filling up the DagBag from /opt/airflow/dags/movie_poster_pipeline_dag.py","logger":"airflow.models.dagbag.DagBag","filename":"dagbag.py","lineno":593}
{"timestamp":"2025-11-12T23:44:11.308130Z","level":"warning","event":"The `airflow.decorators.dag` attribute is deprecated. Please use `'airflow.sdk.dag'`.","category":"DeprecatedImportWarning","filename":"/opt/airflow/dags/movie_poster_pipeline_dag.py","lineno":1,"logger":"py.warnings"}
{"timestamp":"2025-11-12T23:44:11.308803Z","level":"warning","event":"The `airflow.decorators.task` attribute is deprecated. Please use `'airflow.sdk.task'`.","category":"DeprecatedImportWarning","filename":"/opt/airflow/dags/movie_poster_pipeline_dag.py","lineno":1,"logger":"py.warnings"}
{"timestamp":"2025-11-12T23:44:41.823557Z","level":"info","event":"Filling up the DagBag from /opt/airflow/dags/movie_poster_pipeline_dag.py","logger":"airflow.models.dagbag.DagBag","filename":"dagbag.py","lineno":593}
{"timestamp":"2025-11-12T23:44:53.478512Z","level":"warning","event":"The `airflow.decorators.dag` attribute is deprecated. Please use `'airflow.sdk.dag'`.","category":"DeprecatedImportWarning","filename":"/opt/airflow/dags/movie_poster_pipeline_dag.py","lineno":1,"logger":"py.warnings"}
{"timestamp":"2025-11-12T23:44:53.478851Z","level":"warning","event":"The `airflow.decorators.task` attribute is deprecated. Please use `'airflow.sdk.task'`.","category":"DeprecatedImportWarning","filename":"/opt/airflow/dags/movie_poster_pipeline_dag.py","lineno":1,"logger":"py.warnings"}
{"timestamp":"2025-11-12T23:45:24.253423Z","level":"info","event":"Filling up the DagBag from /opt/airflow/dags/movie_poster_pipeline_dag.py","logger":"airflow.models.dagbag.DagBag","filename":"dagbag.py","lineno":593}
{"timestamp":"2025-11-12T23:45:36.348766Z","level":"warning","event":"The `airflow.decorators.dag` attribute is deprecated. Please use `'airflow.sdk.dag'`.","category":"DeprecatedImportWarning","filename":"/opt/airflow/dags/movie_poster_pipeline_dag.py","lineno":1,"logger":"py.warnings"}
{"timestamp":"2025-11-12T23:45:36.349040Z","level":"warning","event":"The `airflow.decorators.task` attribute is deprecated. Please use `'airflow.sdk.task'`.","category":"DeprecatedImportWarning","filename":"/opt/airflow/dags/movie_poster_pipeline_dag.py","lineno":1,"logger":"py.warnings"}
{"timestamp":"2025-11-12T23:46:06.747609Z","level":"info","event":"Filling up the DagBag from /opt/airflow/dags/movie_poster_pipeline_dag.py","logger":"airflow.models.dagbag.DagBag","filename":"dagbag.py","lineno":593}
{"timestamp":"2025-11-12T23:46:16.469340Z","level":"warning","event":"The `airflow.decorators.dag` attribute is deprecated. Please use `'airflow.sdk.dag'`.","category":"DeprecatedImportWarning","filename":"/opt/airflow/dags/movie_poster_pipeline_dag.py","lineno":1,"logger":"py.warnings"}
{"timestamp":"2025-11-12T23:46:16.469591Z","level":"warning","event":"The `airflow.decorators.task` attribute is deprecated. Please use `'airflow.sdk.task'`.","category":"DeprecatedImportWarning","filename":"/opt/airflow/dags/movie_poster_pipeline_dag.py","lineno":1,"logger":"py.warnings"}
{"timestamp":"2025-11-12T23:46:46.976922Z","level":"info","event":"Filling up the DagBag from /opt/airflow/dags/movie_poster_pipeline_dag.py","logger":"airflow.models.dagbag.DagBag","filename":"dagbag.py","lineno":593}
{"timestamp":"2025-11-12T23:46:55.834872Z","level":"warning","event":"The `airflow.decorators.dag` attribute is deprecated. Please use `'airflow.sdk.dag'`.","category":"DeprecatedImportWarning","filename":"/opt/airflow/dags/movie_poster_pipeline_dag.py","lineno":1,"logger":"py.warnings"}
{"timestamp":"2025-11-12T23:46:55.835123Z","level":"warning","event":"The `airflow.decorators.task` attribute is deprecated. Please use `'airflow.sdk.task'`.","category":"DeprecatedImportWarning","filename":"/opt/airflow/dags/movie_poster_pipeline_dag.py","lineno":1,"logger":"py.warnings"}
{"timestamp":"2025-11-12T23:47:26.920761Z","level":"info","event":"Filling up the DagBag from /opt/airflow/dags/movie_poster_pipeline_dag.py","logger":"airflow.models.dagbag.DagBag","filename":"dagbag.py","lineno":593}
{"timestamp":"2025-11-12T23:47:35.963794Z","level":"warning","event":"The `airflow.decorators.dag` attribute is deprecated. Please use `'airflow.sdk.dag'`.","category":"DeprecatedImportWarning","filename":"/opt/airflow/dags/movie_poster_pipeline_dag.py","lineno":1,"logger":"py.warnings"}
{"timestamp":"2025-11-12T23:47:35.964129Z","level":"warning","event":"The `airflow.decorators.task` attribute is deprecated. Please use `'airflow.sdk.task'`.","category":"DeprecatedImportWarning","filename":"/opt/airflow/dags/movie_poster_pipeline_dag.py","lineno":1,"logger":"py.warnings"}
{"timestamp":"2025-11-12T23:48:06.918528Z","level":"info","event":"Filling up the DagBag from /opt/airflow/dags/movie_poster_pipeline_dag.py","logger":"airflow.models.dagbag.DagBag","filename":"dagbag.py","lineno":593}
{"timestamp":"2025-11-12T23:48:16.659613Z","level":"warning","event":"The `airflow.decorators.dag` attribute is deprecated. Please use `'airflow.sdk.dag'`.","category":"DeprecatedImportWarning","filename":"/opt/airflow/dags/movie_poster_pipeline_dag.py","lineno":1,"logger":"py.warnings"}
{"timestamp":"2025-11-12T23:48:16.659854Z","level":"warning","event":"The `airflow.decorators.task` attribute is deprecated. Please use `'airflow.sdk.task'`.","category":"DeprecatedImportWarning","filename":"/opt/airflow/dags/movie_poster_pipeline_dag.py","lineno":1,"logger":"py.warnings"}
{"timestamp":"2025-11-12T23:48:47.394995Z","level":"info","event":"Filling up the DagBag from /opt/airflow/dags/movie_poster_pipeline_dag.py","logger":"airflow.models.dagbag.DagBag","filename":"dagbag.py","lineno":593}
{"timestamp":"2025-11-12T23:48:57.724745Z","level":"warning","event":"The `airflow.decorators.dag` attribute is deprecated. Please use `'airflow.sdk.dag'`.","category":"DeprecatedImportWarning","filename":"/opt/airflow/dags/movie_poster_pipeline_dag.py","lineno":1,"logger":"py.warnings"}
{"timestamp":"2025-11-12T23:48:57.725283Z","level":"warning","event":"The `airflow.decorators.task` attribute is deprecated. Please use `'airflow.sdk.task'`.","category":"DeprecatedImportWarning","filename":"/opt/airflow/dags/movie_poster_pipeline_dag.py","lineno":1,"logger":"py.warnings"}
{"timestamp":"2025-11-12T23:49:28.364856Z","level":"info","event":"Filling up the DagBag from /opt/airflow/dags/movie_poster_pipeline_dag.py","logger":"airflow.models.dagbag.DagBag","filename":"dagbag.py","lineno":593}
{"timestamp":"2025-11-12T23:49:39.645430Z","level":"warning","event":"The `airflow.decorators.dag` attribute is deprecated. Please use `'airflow.sdk.dag'`.","category":"DeprecatedImportWarning","filename":"/opt/airflow/dags/movie_poster_pipeline_dag.py","lineno":1,"logger":"py.warnings"}
{"timestamp":"2025-11-12T23:49:39.645697Z","level":"warning","event":"The `airflow.decorators.task` attribute is deprecated. Please use `'airflow.sdk.task'`.","category":"DeprecatedImportWarning","filename":"/opt/airflow/dags/movie_poster_pipeline_dag.py","lineno":1,"logger":"py.warnings"}
{"timestamp":"2025-11-12T23:50:10.444464Z","level":"info","event":"Filling up the DagBag from /opt/airflow/dags/movie_poster_pipeline_dag.py","logger":"airflow.models.dagbag.DagBag","filename":"dagbag.py","lineno":593}
{"timestamp":"2025-11-12T23:50:21.665082Z","level":"warning","event":"The `airflow.decorators.dag` attribute is deprecated. Please use `'airflow.sdk.dag'`.","category":"DeprecatedImportWarning","filename":"/opt/airflow/dags/movie_poster_pipeline_dag.py","lineno":1,"logger":"py.warnings"}
{"timestamp":"2025-11-12T23:50:21.665400Z","level":"warning","event":"The `airflow.decorators.task` attribute is deprecated. Please use `'airflow.sdk.task'`.","category":"DeprecatedImportWarning","filename":"/opt/airflow/dags/movie_poster_pipeline_dag.py","lineno":1,"logger":"py.warnings"}
{"timestamp":"2025-11-12T23:50:38.792771Z","level":"info","event":"Filling up the DagBag from /opt/airflow/dags/movie_poster_pipeline_dag.py","logger":"airflow.models.dagbag.DagBag","filename":"dagbag.py","lineno":593}
{"timestamp":"2025-11-12T23:50:48.391803Z","level":"warning","event":"The `airflow.decorators.dag` attribute is deprecated. Please use `'airflow.sdk.dag'`.","category":"DeprecatedImportWarning","filename":"/opt/airflow/dags/movie_poster_pipeline_dag.py","lineno":1,"logger":"py.warnings"}
{"timestamp":"2025-11-12T23:50:48.392280Z","level":"warning","event":"The `airflow.decorators.task` attribute is deprecated. Please use `'airflow.sdk.task'`.","category":"DeprecatedImportWarning","filename":"/opt/airflow/dags/movie_poster_pipeline_dag.py","lineno":1,"logger":"py.warnings"}
{"timestamp":"2025-11-12T23:51:19.175908Z","level":"info","event":"Filling up the DagBag from /opt/airflow/dags/movie_poster_pipeline_dag.py","logger":"airflow.models.dagbag.DagBag","filename":"dagbag.py","lineno":593}
{"timestamp":"2025-11-12T23:51:28.645341Z","level":"warning","event":"The `airflow.decorators.dag` attribute is deprecated. Please use `'airflow.sdk.dag'`.","category":"DeprecatedImportWarning","filename":"/opt/airflow/dags/movie_poster_pipeline_dag.py","lineno":1,"logger":"py.warnings"}
{"timestamp":"2025-11-12T23:51:28.645555Z","level":"warning","event":"The `airflow.decorators.task` attribute is deprecated. Please use `'airflow.sdk.task'`.","category":"DeprecatedImportWarning","filename":"/opt/airflow/dags/movie_poster_pipeline_dag.py","lineno":1,"logger":"py.warnings"}
{"timestamp":"2025-11-12T23:51:59.591948Z","level":"info","event":"Filling up the DagBag from /opt/airflow/dags/movie_poster_pipeline_dag.py","logger":"airflow.models.dagbag.DagBag","filename":"dagbag.py","lineno":593}
{"timestamp":"2025-11-12T23:52:09.370898Z","level":"warning","event":"The `airflow.decorators.dag` attribute is deprecated. Please use `'airflow.sdk.dag'`.","category":"DeprecatedImportWarning","filename":"/opt/airflow/dags/movie_poster_pipeline_dag.py","lineno":1,"logger":"py.warnings"}
{"timestamp":"2025-11-12T23:52:09.371129Z","level":"warning","event":"The `airflow.decorators.task` attribute is deprecated. Please use `'airflow.sdk.task'`.","category":"DeprecatedImportWarning","filename":"/opt/airflow/dags/movie_poster_pipeline_dag.py","lineno":1,"logger":"py.warnings"}
{"timestamp":"2025-11-12T23:52:39.937622Z","level":"info","event":"Filling up the DagBag from /opt/airflow/dags/movie_poster_pipeline_dag.py","logger":"airflow.models.dagbag.DagBag","filename":"dagbag.py","lineno":593}
{"timestamp":"2025-11-12T23:52:48.042818Z","level":"warning","event":"The `airflow.decorators.dag` attribute is deprecated. Please use `'airflow.sdk.dag'`.","category":"DeprecatedImportWarning","filename":"/opt/airflow/dags/movie_poster_pipeline_dag.py","lineno":1,"logger":"py.warnings"}
{"timestamp":"2025-11-12T23:52:48.043091Z","level":"warning","event":"The `airflow.decorators.task` attribute is deprecated. Please use `'airflow.sdk.task'`.","category":"DeprecatedImportWarning","filename":"/opt/airflow/dags/movie_poster_pipeline_dag.py","lineno":1,"logger":"py.warnings"}
{"timestamp":"2025-11-12T23:53:18.732279Z","level":"info","event":"Filling up the DagBag from /opt/airflow/dags/movie_poster_pipeline_dag.py","logger":"airflow.models.dagbag.DagBag","filename":"dagbag.py","lineno":593}
{"timestamp":"2025-11-12T23:53:28.416765Z","level":"warning","event":"The `airflow.decorators.dag` attribute is deprecated. Please use `'airflow.sdk.dag'`.","category":"DeprecatedImportWarning","filename":"/opt/airflow/dags/movie_poster_pipeline_dag.py","lineno":1,"logger":"py.warnings"}
{"timestamp":"2025-11-12T23:53:28.417004Z","level":"warning","event":"The `airflow.decorators.task` attribute is deprecated. Please use `'airflow.sdk.task'`.","category":"DeprecatedImportWarning","filename":"/opt/airflow/dags/movie_poster_pipeline_dag.py","lineno":1,"logger":"py.warnings"}
{"timestamp":"2025-11-12T23:53:56.766315Z","level":"info","event":"Filling up the DagBag from /opt/airflow/dags/movie_poster_pipeline_dag.py","logger":"airflow.models.dagbag.DagBag","filename":"dagbag.py","lineno":593}
{"timestamp":"2025-11-12T23:53:56.809784Z","level":"error","event":"Failed to import: /opt/airflow/dags/movie_poster_pipeline_dag.py","logger":"airflow.models.dagbag.DagBag","filename":"dagbag.py","lineno":415,"error_detail":[{"exc_type":"SyntaxError","exc_value":"unmatched '}' (movie_poster_pipeline_dag.py, line 133)","exc_notes":[],"syntax_error":{"offset":45,"filename":"/opt/airflow/dags/movie_poster_pipeline_dag.py","line":"        dest_dir = f\"{path}/poster_from_csv\"}","lineno":133,"msg":"unmatched '}'"},"is_cause":false,"frames":[{"filename":"/home/airflow/.local/lib/python3.12/site-packages/airflow/models/dagbag.py","lineno":405,"name":"parse"},{"filename":"<frozen importlib._bootstrap_external>","lineno":995,"name":"exec_module"},{"filename":"<frozen importlib._bootstrap_external>","lineno":1133,"name":"get_code"},{"filename":"<frozen importlib._bootstrap_external>","lineno":1063,"name":"source_to_code"},{"filename":"<frozen importlib._bootstrap>","lineno":488,"name":"_call_with_frames_removed"}],"is_group":false,"exceptions":[]}]}
{"timestamp":"2025-11-12T23:54:27.540202Z","level":"info","event":"Filling up the DagBag from /opt/airflow/dags/movie_poster_pipeline_dag.py","logger":"airflow.models.dagbag.DagBag","filename":"dagbag.py","lineno":593}
{"timestamp":"2025-11-12T23:54:27.580225Z","level":"error","event":"Failed to import: /opt/airflow/dags/movie_poster_pipeline_dag.py","logger":"airflow.models.dagbag.DagBag","filename":"dagbag.py","lineno":415,"error_detail":[{"exc_type":"SyntaxError","exc_value":"unmatched '}' (movie_poster_pipeline_dag.py, line 133)","exc_notes":[],"syntax_error":{"offset":45,"filename":"/opt/airflow/dags/movie_poster_pipeline_dag.py","line":"        dest_dir = f\"{path}/poster_from_csv\"}","lineno":133,"msg":"unmatched '}'"},"is_cause":false,"frames":[{"filename":"/home/airflow/.local/lib/python3.12/site-packages/airflow/models/dagbag.py","lineno":405,"name":"parse"},{"filename":"<frozen importlib._bootstrap_external>","lineno":995,"name":"exec_module"},{"filename":"<frozen importlib._bootstrap_external>","lineno":1133,"name":"get_code"},{"filename":"<frozen importlib._bootstrap_external>","lineno":1063,"name":"source_to_code"},{"filename":"<frozen importlib._bootstrap>","lineno":488,"name":"_call_with_frames_removed"}],"is_group":false,"exceptions":[]}]}
{"timestamp":"2025-11-12T23:54:30.882953Z","level":"info","event":"Filling up the DagBag from /opt/airflow/dags/movie_poster_pipeline_dag.py","logger":"airflow.models.dagbag.DagBag","filename":"dagbag.py","lineno":593}
{"timestamp":"2025-11-12T23:54:41.110755Z","level":"warning","event":"The `airflow.decorators.dag` attribute is deprecated. Please use `'airflow.sdk.dag'`.","category":"DeprecatedImportWarning","filename":"/opt/airflow/dags/movie_poster_pipeline_dag.py","lineno":1,"logger":"py.warnings"}
{"timestamp":"2025-11-12T23:54:41.111352Z","level":"warning","event":"The `airflow.decorators.task` attribute is deprecated. Please use `'airflow.sdk.task'`.","category":"DeprecatedImportWarning","filename":"/opt/airflow/dags/movie_poster_pipeline_dag.py","lineno":1,"logger":"py.warnings"}
{"timestamp":"2025-11-12T23:54:59.161268Z","level":"info","event":"Filling up the DagBag from /opt/airflow/dags/movie_poster_pipeline_dag.py","logger":"airflow.models.dagbag.DagBag","filename":"dagbag.py","lineno":593}
{"timestamp":"2025-11-12T23:55:09.165025Z","level":"warning","event":"The `airflow.decorators.dag` attribute is deprecated. Please use `'airflow.sdk.dag'`.","category":"DeprecatedImportWarning","filename":"/opt/airflow/dags/movie_poster_pipeline_dag.py","lineno":1,"logger":"py.warnings"}
{"timestamp":"2025-11-12T23:55:09.165370Z","level":"warning","event":"The `airflow.decorators.task` attribute is deprecated. Please use `'airflow.sdk.task'`.","category":"DeprecatedImportWarning","filename":"/opt/airflow/dags/movie_poster_pipeline_dag.py","lineno":1,"logger":"py.warnings"}
{"timestamp":"2025-11-12T23:55:40.075562Z","level":"info","event":"Filling up the DagBag from /opt/airflow/dags/movie_poster_pipeline_dag.py","logger":"airflow.models.dagbag.DagBag","filename":"dagbag.py","lineno":593}
{"timestamp":"2025-11-12T23:55:49.548121Z","level":"warning","event":"The `airflow.decorators.dag` attribute is deprecated. Please use `'airflow.sdk.dag'`.","category":"DeprecatedImportWarning","filename":"/opt/airflow/dags/movie_poster_pipeline_dag.py","lineno":1,"logger":"py.warnings"}
{"timestamp":"2025-11-12T23:55:49.548370Z","level":"warning","event":"The `airflow.decorators.task` attribute is deprecated. Please use `'airflow.sdk.task'`.","category":"DeprecatedImportWarning","filename":"/opt/airflow/dags/movie_poster_pipeline_dag.py","lineno":1,"logger":"py.warnings"}
{"timestamp":"2025-11-12T23:56:20.085419Z","level":"info","event":"Filling up the DagBag from /opt/airflow/dags/movie_poster_pipeline_dag.py","logger":"airflow.models.dagbag.DagBag","filename":"dagbag.py","lineno":593}
{"timestamp":"2025-11-12T23:56:28.819808Z","level":"warning","event":"The `airflow.decorators.dag` attribute is deprecated. Please use `'airflow.sdk.dag'`.","category":"DeprecatedImportWarning","filename":"/opt/airflow/dags/movie_poster_pipeline_dag.py","lineno":1,"logger":"py.warnings"}
{"timestamp":"2025-11-12T23:56:28.820081Z","level":"warning","event":"The `airflow.decorators.task` attribute is deprecated. Please use `'airflow.sdk.task'`.","category":"DeprecatedImportWarning","filename":"/opt/airflow/dags/movie_poster_pipeline_dag.py","lineno":1,"logger":"py.warnings"}
{"timestamp":"2025-11-12T23:56:59.867103Z","level":"info","event":"Filling up the DagBag from /opt/airflow/dags/movie_poster_pipeline_dag.py","logger":"airflow.models.dagbag.DagBag","filename":"dagbag.py","lineno":593}
{"timestamp":"2025-11-12T23:57:10.308016Z","level":"warning","event":"The `airflow.decorators.dag` attribute is deprecated. Please use `'airflow.sdk.dag'`.","category":"DeprecatedImportWarning","filename":"/opt/airflow/dags/movie_poster_pipeline_dag.py","lineno":1,"logger":"py.warnings"}
{"timestamp":"2025-11-12T23:57:10.308248Z","level":"warning","event":"The `airflow.decorators.task` attribute is deprecated. Please use `'airflow.sdk.task'`.","category":"DeprecatedImportWarning","filename":"/opt/airflow/dags/movie_poster_pipeline_dag.py","lineno":1,"logger":"py.warnings"}
{"timestamp":"2025-11-12T23:57:41.321220Z","level":"info","event":"Filling up the DagBag from /opt/airflow/dags/movie_poster_pipeline_dag.py","logger":"airflow.models.dagbag.DagBag","filename":"dagbag.py","lineno":593}
{"timestamp":"2025-11-12T23:57:54.810134Z","level":"warning","event":"The `airflow.decorators.dag` attribute is deprecated. Please use `'airflow.sdk.dag'`.","category":"DeprecatedImportWarning","filename":"/opt/airflow/dags/movie_poster_pipeline_dag.py","lineno":1,"logger":"py.warnings"}
{"timestamp":"2025-11-12T23:57:54.810381Z","level":"warning","event":"The `airflow.decorators.task` attribute is deprecated. Please use `'airflow.sdk.task'`.","category":"DeprecatedImportWarning","filename":"/opt/airflow/dags/movie_poster_pipeline_dag.py","lineno":1,"logger":"py.warnings"}
{"timestamp":"2025-11-12T23:58:25.562414Z","level":"info","event":"Filling up the DagBag from /opt/airflow/dags/movie_poster_pipeline_dag.py","logger":"airflow.models.dagbag.DagBag","filename":"dagbag.py","lineno":593}
{"timestamp":"2025-11-12T23:58:44.911950Z","level":"warning","event":"The `airflow.decorators.dag` attribute is deprecated. Please use `'airflow.sdk.dag'`.","category":"DeprecatedImportWarning","filename":"/opt/airflow/dags/movie_poster_pipeline_dag.py","lineno":1,"logger":"py.warnings"}
{"timestamp":"2025-11-12T23:58:44.912397Z","level":"warning","event":"The `airflow.decorators.task` attribute is deprecated. Please use `'airflow.sdk.task'`.","category":"DeprecatedImportWarning","filename":"/opt/airflow/dags/movie_poster_pipeline_dag.py","lineno":1,"logger":"py.warnings"}
{"timestamp":"2025-11-12T23:59:15.938157Z","level":"info","event":"Filling up the DagBag from /opt/airflow/dags/movie_poster_pipeline_dag.py","logger":"airflow.models.dagbag.DagBag","filename":"dagbag.py","lineno":593}
{"timestamp":"2025-11-12T23:59:37.798021Z","level":"warning","event":"The `airflow.decorators.dag` attribute is deprecated. Please use `'airflow.sdk.dag'`.","category":"DeprecatedImportWarning","filename":"/opt/airflow/dags/movie_poster_pipeline_dag.py","lineno":1,"logger":"py.warnings"}
{"timestamp":"2025-11-12T23:59:37.798241Z","level":"warning","event":"The `airflow.decorators.task` attribute is deprecated. Please use `'airflow.sdk.task'`.","category":"DeprecatedImportWarning","filename":"/opt/airflow/dags/movie_poster_pipeline_dag.py","lineno":1,"logger":"py.warnings"}
